<?xml version="1.0" encoding="UTF-8"?>
<!-- Generated by org.testng.reporters.JUnitXMLReporter -->
<testsuite ignored="0" hostname="Sovans-MacBook-Pro.local" failures="1" tests="1" name="iOS Smoke Tests" time="42.303" errors="0" timestamp="2026-07-15T19:01:49 BST">
  <testcase classname="com.framework.testscommon.MDA_1234_ValidLoginTest" name="testValidLogin" time="31.956">
    <failure type="java.lang.AssertionError" message="MDA-1234 | Login screen should be displayed expected [true] but found [false]">
      <![CDATA[java.lang.AssertionError: MDA-1234 | Login screen should be displayed expected [true] but found [false]
at com.framework.testscommon.MDA_1234_ValidLoginTest.testValidLogin(MDA_1234_ValidLoginTest.java:47)
at java.base/java.util.ArrayList.forEach(ArrayList.java:1511)
... Removed 34 stack frames]]>
    </failure>
  </testcase> <!-- testValidLogin -->
</testsuite> <!-- iOS Smoke Tests -->
